#
# There is insufficient memory for the Java Runtime Environment to continue.
# Native memory allocation (mmap) failed to map 264241152 bytes for G1 virtual space
# Possible reasons:
#   The system is out of physical RAM or swap space
#   The process is running with CompressedOops enabled, and the Java Heap may be blocking the growth of the native heap
# Possible solutions:
#   Reduce memory load on the system
#   Increase physical memory or swap space
#   Check if swap backing store is full
#   Decrease Java heap size (-Xmx/-Xms)
#   Decrease number of Java threads
#   Decrease Java thread stack sizes (-Xss)
#   Set larger code cache with -XX:ReservedCodeCacheSize=
#   JVM is running with Zero Based Compressed Oops mode in which the Java heap is
#     placed in the first 32GB address space. The Java Heap base address is the
#     maximum limit for the native heap growth. Please use -XX:HeapBaseMinAddress
#     to set the Java Heap base and to place the Java Heap above 32GB virtual address.
# This output file may be truncated or incomplete.
#
#  Out of Memory Error (os_windows.cpp:3769), pid=35116, tid=40796
#
# JRE version:  (17.0.6+10) (build )
# Java VM: OpenJDK 64-Bit Server VM (17.0.6+10-b829.5, mixed mode, sharing, tiered, compressed oops, compressed class ptrs, g1 gc, windows-amd64)
# No core dump will be written. Minidumps are not enabled by default on client versions of Windows
#

---------------  S U M M A R Y ------------

Command Line: git4idea.http.GitAskPassApp Username for 'https://github.com': 

Host: 13th Gen Intel(R) Core(TM) i5-1335U, 12 cores, 15G,  Windows 10 , 64 bit Build 19041 (10.0.19041.3570)
Time: Tue Oct 31 19:43:39 2023 Pacific Daylight Time elapsed time: 0.090712 seconds (0d 0h 0m 0s)

---------------  T H R E A D  ---------------

Current thread (0x000001f21718c5b0):  JavaThread "Unknown thread" [_thread_in_vm, id=40796, stack(0x0000002293000000,0x0000002293100000)]

Stack: [0x0000002293000000,0x0000002293100000]
Native frames: (J=compiled Java code, j=interpreted, Vv=VM code, C=native code)
V  [jvm.dll+0x683b4a]
V  [jvm.dll+0x842654]
V  [jvm.dll+0x843dfe]
V  [jvm.dll+0x844463]
V  [jvm.dll+0x249b75]
V  [jvm.dll+0x680a19]
V  [jvm.dll+0x674f0a]
V  [jvm.dll+0x309acb]
V  [jvm.dll+0x310f86]
V  [jvm.dll+0x3608ee]
V  [jvm.dll+0x360b1f]
V  [jvm.dll+0x2dfbf8]
V  [jvm.dll+0x2e0b64]
V  [jvm.dll+0x813f41]
V  [jvm.dll+0x36e6a1]
V  [jvm.dll+0x7f347c]
V  [jvm.dll+0x3f0e8f]
V  [jvm.dll+0x3f29d1]
C  [jli.dll+0x526b]
C  [ucrtbase.dll+0x21bb2]
C  [KERNEL32.DLL+0x17344]
C  [ntdll.dll+0x526b1]


---------------  P R O C E S S  ---------------

Threads class SMR info:
_java_thread_list=0x00007fffa7bac058, length=0, elements={
}

Java Threads: ( => current thread )

Other Threads:
  0x000001f2171f8df0 GCTaskThread "GC Thread#0" [stack: 0x0000002293100000,0x0000002293200000] [id=12444]
  0x000001f217209840 ConcurrentGCThread "G1 Main Marker" [stack: 0x0000002293200000,0x0000002293300000] [id=9640]
  0x000001f21720ca10 ConcurrentGCThread "G1 Conc#0" [stack: 0x0000002293300000,0x0000002293400000] [id=39620]

[error occurred during error reporting (printing all threads), id 0xc0000005, EXCEPTION_ACCESS_VIOLATION (0xc0000005) at pc=0x00007fffa7360797]

VM state: not at safepoint (not fully initialized)

VM Mutex/Monitor currently owned by a thread:  ([mutex/lock_event])
[0x000001f2171888c0] Heap_lock - owner thread: 0x000001f21718c5b0

Heap address: 0x0000000704e00000, size: 4018 MB, Compressed Oops mode: Zero based, Oop shift amount: 3

CDS archive(s) mapped at: [0x0000000000000000-0x0000000000000000-0x0000000000000000), size 0, SharedBaseAddress: 0x0000000800000000, ArchiveRelocationMode: 0.
Narrow klass base: 0x0000000000000000, Narrow klass shift: 0, Narrow klass range: 0x0

GC Precious Log:
<Empty>

Heap:
 garbage-first heap   total 0K, used 0K [0x0000000704e00000, 0x0000000800000000)
  region size 2048K, 0 young (0K), 0 survivors (0K)

[error occurred during error reporting (printing heap information), id 0xc0000005, EXCEPTION_ACCESS_VIOLATION (0xc0000005) at pc=0x00007fffa774d939]

GC Heap History (0 events):
No events

Dll operation events (1 events):
Event: 0.046 Loaded shared library C:\Users\Maksim Meleshkin\AppData\Local\JetBrains\Toolbox\apps\IDEA-U\ch-0\231.8109.175\jbr\bin\java.dll

Deoptimization events (0 events):
No events

Classes unloaded (0 events):
No events

Classes redefined (0 events):
No events

Internal exceptions (0 events):
No events

VM Operations (0 events):
No events

Events (0 events):
No events


Dynamic libraries:
0x00007ff692f60000 - 0x00007ff692f6a000 	C:\Users\Maksim Meleshkin\AppData\Local\JetBrains\Toolbox\apps\IDEA-U\ch-0\231.8109.175\jbr\bin\java.exe
0x00007ff8484d0000 - 0x00007ff8486c7000 	C:\Windows\SYSTEM32\ntdll.dll
0x00007ff8472f0000 - 0x00007ff8473ad000 	C:\Windows\System32\KERNEL32.DLL
0x00007ff846230000 - 0x00007ff846526000 	C:\Windows\System32\KERNELBASE.dll
0x00007ff846060000 - 0x00007ff846160000 	C:\Windows\System32\ucrtbase.dll
0x00007fffff400000 - 0x00007fffff41b000 	C:\Users\Maksim Meleshkin\AppData\Local\JetBrains\Toolbox\apps\IDEA-U\ch-0\231.8109.175\jbr\bin\VCRUNTIME140.dll
0x00007fffb9d00000 - 0x00007fffb9d17000 	C:\Users\Maksim Meleshkin\AppData\Local\JetBrains\Toolbox\apps\IDEA-U\ch-0\231.8109.175\jbr\bin\jli.dll
0x00007ff846c70000 - 0x00007ff846e0e000 	C:\Windows\System32\USER32.dll
0x00007ff845ef0000 - 0x00007ff845f12000 	C:\Windows\System32\win32u.dll
0x00007ff847010000 - 0x00007ff84703c000 	C:\Windows\System32\GDI32.dll
0x00007ff845dd0000 - 0x00007ff845eea000 	C:\Windows\System32\gdi32full.dll
0x00007ff846160000 - 0x00007ff8461fd000 	C:\Windows\System32\msvcp_win.dll
0x00007ff8328c0000 - 0x00007ff832b5a000 	C:\Windows\WinSxS\amd64_microsoft.windows.common-controls_6595b64144ccf1df_6.0.19041.3570_none_60bb2a3971f3e41a\COMCTL32.dll
0x00007ff847040000 - 0x00007ff8470de000 	C:\Windows\System32\msvcrt.dll
0x00007ff8466c0000 - 0x00007ff8466f0000 	C:\Windows\System32\IMM32.DLL
0x00007ff83a9b0000 - 0x00007ff83a9bc000 	C:\Users\Maksim Meleshkin\AppData\Local\JetBrains\Toolbox\apps\IDEA-U\ch-0\231.8109.175\jbr\bin\vcruntime140_1.dll
0x00007fffe88a0000 - 0x00007fffe892d000 	C:\Users\Maksim Meleshkin\AppData\Local\JetBrains\Toolbox\apps\IDEA-U\ch-0\231.8109.175\jbr\bin\msvcp140.dll
0x00007fffa7070000 - 0x00007fffa7cdd000 	C:\Users\Maksim Meleshkin\AppData\Local\JetBrains\Toolbox\apps\IDEA-U\ch-0\231.8109.175\jbr\bin\server\jvm.dll
0x00007ff847bd0000 - 0x00007ff847c7e000 	C:\Windows\System32\ADVAPI32.dll
0x00007ff847b10000 - 0x00007ff847bac000 	C:\Windows\System32\sechost.dll
0x00007ff847db0000 - 0x00007ff847ed6000 	C:\Windows\System32\RPCRT4.dll
0x00007ff833060000 - 0x00007ff83306a000 	C:\Windows\SYSTEM32\VERSION.dll
0x00007ff837260000 - 0x00007ff837287000 	C:\Windows\SYSTEM32\WINMM.dll
0x00007ff819930000 - 0x00007ff819939000 	C:\Windows\SYSTEM32\WSOCK32.dll
0x00007ff846f40000 - 0x00007ff846fab000 	C:\Windows\System32\WS2_32.dll
0x00007ff843a40000 - 0x00007ff843a52000 	C:\Windows\SYSTEM32\kernel.appcore.dll
0x00007fffffa20000 - 0x00007fffffa2a000 	C:\Users\Maksim Meleshkin\AppData\Local\JetBrains\Toolbox\apps\IDEA-U\ch-0\231.8109.175\jbr\bin\jimage.dll
0x00007ff8432a0000 - 0x00007ff843484000 	C:\Windows\SYSTEM32\DBGHELP.DLL
0x00007ff828070000 - 0x00007ff8280a4000 	C:\Windows\SYSTEM32\dbgcore.DLL
0x00007ff845fd0000 - 0x00007ff846052000 	C:\Windows\System32\bcryptPrimitives.dll
0x00007fffba120000 - 0x00007fffba145000 	C:\Users\Maksim Meleshkin\AppData\Local\JetBrains\Toolbox\apps\IDEA-U\ch-0\231.8109.175\jbr\bin\java.dll

dbghelp: loaded successfully - version: 4.0.5 - missing functions: none
symbol engine: initialized successfully - sym options: 0x614 - pdb path: .;C:\Users\Maksim Meleshkin\AppData\Local\JetBrains\Toolbox\apps\IDEA-U\ch-0\231.8109.175\jbr\bin;C:\Windows\SYSTEM32;C:\Windows\WinSxS\amd64_microsoft.windows.common-controls_6595b64144ccf1df_6.0.19041.3570_none_60bb2a3971f3e41a;C:\Users\Maksim Meleshkin\AppData\Local\JetBrains\Toolbox\apps\IDEA-U\ch-0\231.8109.175\jbr\bin\server

VM Arguments:
java_command: git4idea.http.GitAskPassApp Username for 'https://github.com': 
java_class_path (initial): C:/Users/Maksim Meleshkin/AppData/Local/JetBrains/Toolbox/apps/IDEA-U/ch-0/231.8109.175/plugins/vcs-git/lib/git4idea-rt.jar;C:/Users/Maksim Meleshkin/AppData/Local/JetBrains/Toolbox/apps/IDEA-U/ch-0/231.8109.175/lib/externalProcess-rt.jar
Launcher Type: SUN_STANDARD

[Global flags]
     intx CICompilerCount                          = 4                                         {product} {ergonomic}
     uint ConcGCThreads                            = 3                                         {product} {ergonomic}
     uint G1ConcRefinementThreads                  = 10                                        {product} {ergonomic}
   size_t G1HeapRegionSize                         = 2097152                                   {product} {ergonomic}
    uintx GCDrainStackTargetSize                   = 64                                        {product} {ergonomic}
   size_t InitialHeapSize                          = 264241152                                 {product} {ergonomic}
   size_t MarkStackSize                            = 4194304                                   {product} {ergonomic}
   size_t MaxHeapSize                              = 4213178368                                {product} {ergonomic}
   size_t MinHeapDeltaBytes                        = 2097152                                   {product} {ergonomic}
   size_t MinHeapSize                              = 8388608                                   {product} {ergonomic}
    uintx NonNMethodCodeHeapSize                   = 5839372                                {pd product} {ergonomic}
    uintx NonProfiledCodeHeapSize                  = 122909434                              {pd product} {ergonomic}
    uintx ProfiledCodeHeapSize                     = 122909434                              {pd product} {ergonomic}
    uintx ReservedCodeCacheSize                    = 251658240                              {pd product} {ergonomic}
     bool SegmentedCodeCache                       = true                                      {product} {ergonomic}
   size_t SoftMaxHeapSize                          = 4213178368                             {manageable} {ergonomic}
     bool UseCompressedClassPointers               = true                           {product lp64_product} {ergonomic}
     bool UseCompressedOops                        = true                           {product lp64_product} {ergonomic}
     bool UseG1GC                                  = true                                      {product} {ergonomic}
     bool UseLargePagesIndividualAllocation        = false                                  {pd product} {ergonomic}

Logging:
Log output configuration:
 #0: stdout all=warning uptime,level,tags
 #1: stderr all=off uptime,level,tags

Environment Variables:
JAVA_HOME=C:\Program Files\jdk-16.0.1\bin
PATH=C:\Program Files\Git\mingw64\libexec\git-core;C:\Program Files\Git\mingw64\libexec\git-core;C:\Program Files\Git\mingw64\bin;C:\Program Files\Git\usr\bin;C:\Users\Maksim Meleshkin\bin;C:\Program Files\Common Files\Oracle\Java\javapath;C:\Windows\system32;C:\Windows;C:\Windows\System32\Wbem;C:\Windows\System32\WindowsPowerShell\v1.0;C:\Windows\System32\OpenSSH;C:\Program Files\Git\cmd;C:\Program Files\Docker\Docker\resources\bin;C:\Program Files\Amazon\AWSCLIV2;C:\ProgramData\chocolatey\bin;C:\Program Files (x86)\Yarn\bin;C:\Program Files\nodejs;C:\Program Files\dotnet;C:\Program Files (x86)\PuTTY;C:\Program Files\Google\Chrome Beta\Application\chrome.exe;C:\Program Files\Google\Chrome Beta\Application\chromedriver.exe;C:\Program Files\Google\Chrome Beta\Application\114.0.5735.35\Installer\setup.exe;C:\Program Files\PowerShell\7-preview\preview;C:\Program Files\PowerShell\7;C:\Users\Maksim Meleshkin\AppData\Local\Microsoft\WindowsApps;C:\Users\Maksim Meleshkin\AppData\Local\JetBrains\Toolbox\scripts;C:\Users\Maksim Meleshkin\AppData\Local\GitHubDesktop\bin;C:\Users\Maksim Meleshkin\.dotnet\tools;C:\Users\Maksim Meleshkin\AppData\Local\Yarn\bin;C:\Users\Maksim Meleshkin\AppData\Roaming\npm;C:\Program Files\Google\Chrome Beta\Application\chromedriver.exe;C:\Program Files\Google\Chrome Beta\Application\chrome.exe;C:\Program Files\Google\Chrome Beta\Application\114.0.5735.35\Installer\setup.exe;C:\Program Files\JetBrains\WebStorm 2023.1.2\bin
USERNAME=Maksim Meleshkin
DISPLAY=:0.0
LC_ALL=en_US.UTF-8
TERM=xterm-256color
TMPDIR=C:\Users\MAKSIM~1\AppData\Local\Temp
OS=Windows_NT
PROCESSOR_IDENTIFIER=Intel64 Family 6 Model 186 Stepping 3, GenuineIntel
TMP=C:\Users\MAKSIM~1\AppData\Local\Temp
TEMP=C:\Users\MAKSIM~1\AppData\Local\Temp



---------------  S Y S T E M  ---------------

OS:
 Windows 10 , 64 bit Build 19041 (10.0.19041.3570)
OS uptime: 0 days 22:58 hours
Hyper-V role detected

CPU: total 12 (initial active 12) (6 cores per cpu, 2 threads per core) family 6 model 186 stepping 3 microcode 0x4114, cx8, cmov, fxsr, ht, mmx, 3dnowpref, sse, sse2, sse3, ssse3, sse4.1, sse4.2, popcnt, lzcnt, tsc, tscinvbit, avx, avx2, aes, erms, clmul, bmi1, bmi2, adx, sha, fma, vzeroupper, clflush, clflushopt, clwb, hv

Memory: 4k page, system-wide physical 16068M (200M free)
TotalPageFile size 46454M (AvailPageFile size 57M)
current process WorkingSet (physical memory assigned to process): 10M, peak: 10M
current process commit charge ("private bytes"): 64M, peak: 316M

vm_info: OpenJDK 64-Bit Server VM (17.0.6+10-b829.5) for windows-amd64 JRE (17.0.6+10-b829.5), built on 2023-02-24 by "builduser" with MS VC++ 16.10 / 16.11 (VS2019)

END.
